<?xml version="1.0" encoding="UTF-8"?>
<!-- Generated by org.testng.reporters.JUnitXMLReporter -->
<testsuite hostname="DESKTOP-1169NAK" ignored="0" name="Test" tests="4" failures="0" timestamp="2020-02-29T00:06:09 GMT" time="0.06" errors="0">
  <testcase name="BrowserAutomation" time="0.005" classname="qaclickacademy.SeleniumTest"/>
  <testcase name="ElementsUI" time="0.0" classname="qaclickacademy.SeleniumTest"/>
  <testcase name="deleteTwitter" time="0.001" classname="qaclickacademy.RESTAPITest"/>
  <testcase name="postJira" time="0.0" classname="qaclickacademy.RESTAPITest"/>
</testsuite> <!-- Test -->
