<?xml version="1.0" encoding="UTF-8"?>
<testng-results skipped="0" failed="0" ignored="0" total="4" passed="4">
  <reporter-output>
  </reporter-output>
  <suite name="Suite" duration-ms="60" started-at="2020-02-29T00:06:09 GMT" finished-at="2020-02-29T00:06:09 GMT">
    <groups>
    </groups>
    <test name="Test" duration-ms="60" started-at="2020-02-29T00:06:09 GMT" finished-at="2020-02-29T00:06:09 GMT">
      <class name="qaclickacademy.RESTAPITest">
        <test-method status="PASS" signature="deleteTwitter()[pri:0, instance:qaclickacademy.RESTAPITest@35d176f7]" name="deleteTwitter" duration-ms="1" started-at="2020-02-29T00:06:09 GMT" finished-at="2020-02-29T00:06:09 GMT">
          <reporter-output>
          </reporter-output>
        </test-method> <!-- deleteTwitter -->
        <test-method status="PASS" signature="postJira()[pri:0, instance:qaclickacademy.RESTAPITest@35d176f7]" name="postJira" duration-ms="0" started-at="2020-02-29T00:06:09 GMT" finished-at="2020-02-29T00:06:09 GMT">
          <reporter-output>
          </reporter-output>
        </test-method> <!-- postJira -->
      </class> <!-- qaclickacademy.RESTAPITest -->
      <class name="qaclickacademy.SeleniumTest">
        <test-method status="PASS" signature="BrowserAutomation()[pri:0, instance:qaclickacademy.SeleniumTest@551aa95a]" name="BrowserAutomation" duration-ms="5" started-at="2020-02-29T00:06:09 GMT" finished-at="2020-02-29T00:06:09 GMT">
          <reporter-output>
          </reporter-output>
        </test-method> <!-- BrowserAutomation -->
        <test-method status="PASS" signature="ElementsUI()[pri:0, instance:qaclickacademy.SeleniumTest@551aa95a]" name="ElementsUI" duration-ms="0" started-at="2020-02-29T00:06:09 GMT" finished-at="2020-02-29T00:06:09 GMT">
          <reporter-output>
          </reporter-output>
        </test-method> <!-- ElementsUI -->
      </class> <!-- qaclickacademy.SeleniumTest -->
    </test> <!-- Test -->
  </suite> <!-- Suite -->
</testng-results>
