<?xml version="1.0" encoding="UTF-8"?>
<testng-results skipped="0" failed="0" ignored="0" total="2" passed="2">
  <reporter-output>
  </reporter-output>
  <suite name="Default suite" duration-ms="116" started-at="2020-02-28T05:59:37 GMT" finished-at="2020-02-28T05:59:37 GMT">
    <groups>
    </groups>
    <test name="Default test" duration-ms="116" started-at="2020-02-28T05:59:37 GMT" finished-at="2020-02-28T05:59:37 GMT">
      <class name="qaclickacademy.Appiumtest">
        <test-method status="PASS" signature="IOSApp()[pri:0, instance:qaclickacademy.Appiumtest@69a3d1d]" name="IOSApp" duration-ms="18" started-at="2020-02-28T05:59:37 GMT" finished-at="2020-02-28T05:59:37 GMT">
          <reporter-output>
          </reporter-output>
        </test-method> <!-- IOSApp -->
        <test-method status="PASS" signature="NativeAppAndroid()[pri:0, instance:qaclickacademy.Appiumtest@69a3d1d]" name="NativeAppAndroid" duration-ms="2" started-at="2020-02-28T05:59:37 GMT" finished-at="2020-02-28T05:59:37 GMT">
          <reporter-output>
          </reporter-output>
        </test-method> <!-- NativeAppAndroid -->
      </class> <!-- qaclickacademy.Appiumtest -->
    </test> <!-- Default test -->
  </suite> <!-- Default suite -->
</testng-results>
